<?xml version="1.0" encoding="UTF-8"?>
<testsuite xmlns:xsi="http://www.w3.org/2001/XMLSchema-instance" xsi:noNamespaceSchemaLocation="https://maven.apache.org/surefire/maven-surefire-plugin/xsd/surefire-test-report.xsd" name="mflix.api.daos.TimeoutsTest" time="4.21" tests="2" errors="2" skipped="0" failures="0">
  <properties>
[...]
</properties>
  <testcase name="testConfiguredConnectionTimeoutMs" classname="mflix.api.daos.TimeoutsTest" time="0.013">
    <error type="java.lang.NullPointerException">java.lang.NullPointerException
	at mflix.api.daos.TimeoutsTest.testConfiguredConnectionTimeoutMs(TimeoutsTest.java:58)
</error>
    <system-out><![CDATA[2022-09-21 07:57:59.899  INFO 472 --- [           main] .b.t.c.SpringBootTestContextBootstrapper : Neither @ContextConfiguration nor @ContextHierarchy found for test class [mflix.api.daos.TimeoutsTest], using SpringBootContextLoader
2022-09-21 07:57:59.913  INFO 472 --- [           main] o.s.t.c.support.AbstractContextLoader    : Could not detect default resource locations for test class [mflix.api.daos.TimeoutsTest]: no resource found for suffixes {-context.xml, Context.groovy}.
2022-09-21 07:57:59.927  INFO 472 --- [           main] .b.t.c.SpringBootTestContextBootstrapper : Loaded default TestExecutionListener class names from location [META-INF/spring.factories]: [org.springframework.boot.test.mock.mockito.MockitoTestExecutionListener, org.springframework.boot.test.mock.mockito.ResetMocksTestExecutionListener, org.springframework.boot.test.autoconfigure.restdocs.RestDocsTestExecutionListener, org.springframework.boot.test.autoconfigure.web.client.MockRestServiceServerResetTestExecutionListener, org.springframework.boot.test.autoconfigure.web.servlet.MockMvcPrintOnlyOnFailureTestExecutionListener, org.springframework.boot.test.autoconfigure.web.servlet.WebDriverTestExecutionListener, org.springframework.test.context.web.ServletTestExecutionListener, org.springframework.test.context.support.DirtiesContextBeforeModesTestExecutionListener, org.springframework.test.context.support.DependencyInjectionTestExecutionListener, org.springframework.test.context.support.DirtiesContextTestExecutionListener, org.springframework.test.context.transaction.TransactionalTestExecutionListener, org.springframework.test.context.jdbc.SqlScriptsTestExecutionListener]
2022-09-21 07:57:59.932  INFO 472 --- [           main] .b.t.c.SpringBootTestContextBootstrapper : Using TestExecutionListeners: [org.springframework.test.context.web.ServletTestExecutionListener@2f5ac102, org.springframework.test.context.support.DirtiesContextBeforeModesTestExecutionListener@5df778c3, org.springframework.boot.test.mock.mockito.MockitoTestExecutionListener@895416d, org.springframework.boot.test.autoconfigure.SpringBootDependencyInjectionTestExecutionListener@71a06021, org.springframework.test.context.support.DirtiesContextTestExecutionListener@80bfdc6, org.springframework.boot.test.mock.mockito.ResetMocksTestExecutionListener@6edcad64, org.springframework.boot.test.autoconfigure.restdocs.RestDocsTestExecutionListener@4c6007fb, org.springframework.boot.test.autoconfigure.web.client.MockRestServiceServerResetTestExecutionListener@3e33d73e, org.springframework.boot.test.autoconfigure.web.servlet.MockMvcPrintOnlyOnFailureTestExecutionListener@6981f8f3, org.springframework.boot.test.autoconfigure.web.servlet.WebDriverTestExecutionListener@623dcf2a]

  .   ____          _            __ _ _
 /\\ / ___'_ __ _ _(_)_ __  __ _ \ \ \ \
( ( )\___ | '_ | '_| | '_ \/ _` | \ \ \ \
 \\/  ___)| |_)| | | | | || (_| |  ) ) ) )
  '  |____| .__|_| |_|_| |_\__, | / / / /
 =========|_|==============|___/=/_/_/_/
 :: Spring Boot ::        (v2.0.4.RELEASE)

2022-09-21 07:58:00.151  INFO 472 --- [           main] mflix.api.daos.TimeoutsTest              : Starting TimeoutsTest on SOFTTECHTI with PID 472 (started by rafael in /mnt/d/workspace/mflix)
2022-09-21 07:58:00.152  INFO 472 --- [           main] mflix.api.daos.TimeoutsTest              : No active profile set, falling back to default profiles: default
2022-09-21 07:58:00.172  INFO 472 --- [           main] o.s.w.c.s.GenericWebApplicationContext   : Refreshing org.springframework.web.context.support.GenericWebApplicationContext@4b6e1c0: startup date [Wed Sep 21 07:58:00 BRT 2022]; root of context hierarchy
2022-09-21 07:58:01.212  INFO 472 --- [           main] org.mongodb.driver.cluster               : Cluster created with settings {hosts=[ac-uqz055v-shard-00-02.wkqj3pw.mongodb.net:27017, ac-uqz055v-shard-00-00.wkqj3pw.mongodb.net:27017, ac-uqz055v-shard-00-01.wkqj3pw.mongodb.net:27017], mode=MULTIPLE, requiredClusterType=REPLICA_SET, serverSelectionTimeout='30000 ms', maxWaitQueueSize=500, requiredReplicaSetName='atlas-o1qfn8-shard-0'}
2022-09-21 07:58:01.212  INFO 472 --- [           main] org.mongodb.driver.cluster               : Adding discovered server ac-uqz055v-shard-00-02.wkqj3pw.mongodb.net:27017 to client view of cluster
2022-09-21 07:58:01.213  INFO 472 --- [           main] org.mongodb.driver.cluster               : Adding discovered server ac-uqz055v-shard-00-00.wkqj3pw.mongodb.net:27017 to client view of cluster
2022-09-21 07:58:01.213  INFO 472 --- [           main] org.mongodb.driver.cluster               : Adding discovered server ac-uqz055v-shard-00-01.wkqj3pw.mongodb.net:27017 to client view of cluster
2022-09-21 07:58:01.323  INFO 472 --- [ngodb.net:27017] org.mongodb.driver.connection            : Opened connection [connectionId{localValue:23, serverValue:337240}] to ac-uqz055v-shard-00-01.wkqj3pw.mongodb.net:27017
2022-09-21 07:58:01.323  INFO 472 --- [ngodb.net:27017] org.mongodb.driver.connection            : Opened connection [connectionId{localValue:21, serverValue:339694}] to ac-uqz055v-shard-00-02.wkqj3pw.mongodb.net:27017
2022-09-21 07:58:01.330  INFO 472 --- [ngodb.net:27017] org.mongodb.driver.connection            : Opened connection [connectionId{localValue:22, serverValue:338097}] to ac-uqz055v-shard-00-00.wkqj3pw.mongodb.net:27017
2022-09-21 07:58:01.335  INFO 472 --- [ngodb.net:27017] org.mongodb.driver.cluster               : Monitor thread successfully connected to server with description ServerDescription{address=ac-uqz055v-shard-00-01.wkqj3pw.mongodb.net:27017, type=REPLICA_SET_SECONDARY, state=CONNECTED, ok=true, version=ServerVersion{versionList=[5, 0, 12]}, minWireVersion=0, maxWireVersion=13, maxDocumentSize=16777216, logicalSessionTimeoutMinutes=30, roundTripTimeNanos=12144152, setName='atlas-o1qfn8-shard-0', canonicalAddress=ac-uqz055v-shard-00-01.wkqj3pw.mongodb.net:27017, hosts=[ac-uqz055v-shard-00-00.wkqj3pw.mongodb.net:27017, ac-uqz055v-shard-00-01.wkqj3pw.mongodb.net:27017, ac-uqz055v-shard-00-02.wkqj3pw.mongodb.net:27017], passives=[], arbiters=[], primary='ac-uqz055v-shard-00-02.wkqj3pw.mongodb.net:27017', tagSet=TagSet{[Tag{name='region', value='SA_EAST_1'}, Tag{name='workloadType', value='OPERATIONAL'}, Tag{name='nodeType', value='ELECTABLE'}, Tag{name='provider', value='AWS'}]}, electionId=null, setVersion=1, lastWriteDate=Wed Sep 21 07:58:00 BRT 2022, lastUpdateTimeNanos=1469359028977}
2022-09-21 07:58:01.338  INFO 472 --- [ngodb.net:27017] org.mongodb.driver.cluster               : Monitor thread successfully connected to server with description ServerDescription{address=ac-uqz055v-shard-00-02.wkqj3pw.mongodb.net:27017, type=REPLICA_SET_PRIMARY, state=CONNECTED, ok=true, version=ServerVersion{versionList=[5, 0, 12]}, minWireVersion=0, maxWireVersion=13, maxDocumentSize=16777216, logicalSessionTimeoutMinutes=30, roundTripTimeNanos=13402155, setName='atlas-o1qfn8-shard-0', canonicalAddress=ac-uqz055v-shard-00-02.wkqj3pw.mongodb.net:27017, hosts=[ac-uqz055v-shard-00-00.wkqj3pw.mongodb.net:27017, ac-uqz055v-shard-00-01.wkqj3pw.mongodb.net:27017, ac-uqz055v-shard-00-02.wkqj3pw.mongodb.net:27017], passives=[], arbiters=[], primary='ac-uqz055v-shard-00-02.wkqj3pw.mongodb.net:27017', tagSet=TagSet{[Tag{name='workloadType', value='OPERATIONAL'}, Tag{name='region', value='SA_EAST_1'}, Tag{name='nodeType', value='ELECTABLE'}, Tag{name='provider', value='AWS'}]}, electionId=7fffffff0000000000000013, setVersion=1, lastWriteDate=Wed Sep 21 07:58:00 BRT 2022, lastUpdateTimeNanos=1469361125129}
2022-09-21 07:58:01.338  INFO 472 --- [ngodb.net:27017] org.mongodb.driver.cluster               : Setting max election id to 7fffffff0000000000000013 from replica set primary ac-uqz055v-shard-00-02.wkqj3pw.mongodb.net:27017
2022-09-21 07:58:01.338  INFO 472 --- [ngodb.net:27017] org.mongodb.driver.cluster               : Setting max set version to 1 from replica set primary ac-uqz055v-shard-00-02.wkqj3pw.mongodb.net:27017
2022-09-21 07:58:01.338  INFO 472 --- [ngodb.net:27017] org.mongodb.driver.cluster               : Discovered replica set primary ac-uqz055v-shard-00-02.wkqj3pw.mongodb.net:27017
2022-09-21 07:58:01.343  INFO 472 --- [ngodb.net:27017] org.mongodb.driver.cluster               : Monitor thread successfully connected to server with description ServerDescription{address=ac-uqz055v-shard-00-00.wkqj3pw.mongodb.net:27017, type=REPLICA_SET_SECONDARY, state=CONNECTED, ok=true, version=ServerVersion{versionList=[5, 0, 12]}, minWireVersion=0, maxWireVersion=13, maxDocumentSize=16777216, logicalSessionTimeoutMinutes=30, roundTripTimeNanos=13048873, setName='atlas-o1qfn8-shard-0', canonicalAddress=ac-uqz055v-shard-00-00.wkqj3pw.mongodb.net:27017, hosts=[ac-uqz055v-shard-00-00.wkqj3pw.mongodb.net:27017, ac-uqz055v-shard-00-01.wkqj3pw.mongodb.net:27017, ac-uqz055v-shard-00-02.wkqj3pw.mongodb.net:27017], passives=[], arbiters=[], primary='ac-uqz055v-shard-00-02.wkqj3pw.mongodb.net:27017', tagSet=TagSet{[Tag{name='region', value='SA_EAST_1'}, Tag{name='nodeType', value='ELECTABLE'}, Tag{name='provider', value='AWS'}, Tag{name='workloadType', value='OPERATIONAL'}]}, electionId=null, setVersion=1, lastWriteDate=Wed Sep 21 07:58:00 BRT 2022, lastUpdateTimeNanos=1469366936790}
2022-09-21 07:58:01.961  INFO 472 --- [           main] o.s.w.s.handler.SimpleUrlHandlerMapping  : Mapped URL path [/**/favicon.ico] onto handler of type [class org.springframework.web.servlet.resource.ResourceHttpRequestHandler]
2022-09-21 07:58:02.371  INFO 472 --- [           main] s.w.s.m.m.a.RequestMappingHandlerAdapter : Looking for @ControllerAdvice: org.springframework.web.context.support.GenericWebApplicationContext@4b6e1c0: startup date [Wed Sep 21 07:58:00 BRT 2022]; root of context hierarchy
2022-09-21 07:58:02.434  INFO 472 --- [           main] s.w.s.m.m.a.RequestMappingHandlerMapping : Mapped "{[/error],produces=[text/html]}" onto public org.springframework.web.servlet.ModelAndView org.springframework.boot.autoconfigure.web.servlet.error.BasicErrorController.errorHtml(javax.servlet.http.HttpServletRequest,javax.servlet.http.HttpServletResponse)
2022-09-21 07:58:02.434  INFO 472 --- [           main] s.w.s.m.m.a.RequestMappingHandlerMapping : Mapped "{[/error]}" onto public org.springframework.http.ResponseEntity<java.util.Map<java.lang.String, java.lang.Object>> org.springframework.boot.autoconfigure.web.servlet.error.BasicErrorController.error(javax.servlet.http.HttpServletRequest)
2022-09-21 07:58:02.527  INFO 472 --- [           main] o.s.w.s.handler.SimpleUrlHandlerMapping  : Mapped URL path [/webjars/**] onto handler of type [class org.springframework.web.servlet.resource.ResourceHttpRequestHandler]
2022-09-21 07:58:02.527  INFO 472 --- [           main] o.s.w.s.handler.SimpleUrlHandlerMapping  : Mapped URL path [/**] onto handler of type [class org.springframework.web.servlet.resource.ResourceHttpRequestHandler]
2022-09-21 07:58:02.704  INFO 472 --- [           main] o.s.b.a.w.s.WelcomePageHandlerMapping    : Adding welcome page: class path resource [build/index.html]
2022-09-21 07:58:03.293  INFO 472 --- [           main] .s.s.UserDetailsServiceAutoConfiguration : 

Using generated security password: 0d989482-2c22-452c-919d-54297ab8d917

2022-09-21 07:58:03.876  INFO 472 --- [           main] o.s.s.web.DefaultSecurityFilterChain     : Creating filter chain: org.springframework.security.web.util.matcher.AnyRequestMatcher@1, [org.springframework.security.web.context.request.async.WebAsyncManagerIntegrationFilter@7ad1caa2, org.springframework.security.web.context.SecurityContextPersistenceFilter@661d88a, org.springframework.security.web.header.HeaderWriterFilter@5cc9d3d0, org.springframework.security.web.csrf.CsrfFilter@4d499d65, org.springframework.security.web.authentication.logout.LogoutFilter@404db674, org.springframework.security.web.authentication.UsernamePasswordAuthenticationFilter@4fa822ad, org.springframework.security.web.authentication.ui.DefaultLoginPageGeneratingFilter@4860827a, org.springframework.security.web.authentication.www.BasicAuthenticationFilter@597f0937, org.springframework.security.web.savedrequest.RequestCacheAwareFilter@4b0b64cc, org.springframework.security.web.servletapi.SecurityContextHolderAwareRequestFilter@59ce792e, org.springframework.security.web.authentication.AnonymousAuthenticationFilter@6b6b3572, org.springframework.security.web.session.SessionManagementFilter@7c2dfa2, org.springframework.security.web.access.ExceptionTranslationFilter@313f8301, org.springframework.security.web.access.intercept.FilterSecurityInterceptor@1bb15351]
2022-09-21 07:58:04.060  INFO 472 --- [           main] mflix.api.daos.TimeoutsTest              : Started TimeoutsTest in 4.121 seconds (JVM running for 23.557)
2022-09-21 07:58:04.091  INFO 472 --- [           main] org.mongodb.driver.cluster               : Cluster created with settings {hosts=[ac-uqz055v-shard-00-02.wkqj3pw.mongodb.net:27017, ac-uqz055v-shard-00-00.wkqj3pw.mongodb.net:27017, ac-uqz055v-shard-00-01.wkqj3pw.mongodb.net:27017], mode=MULTIPLE, requiredClusterType=REPLICA_SET, serverSelectionTimeout='30000 ms', maxWaitQueueSize=500, requiredReplicaSetName='atlas-o1qfn8-shard-0'}
2022-09-21 07:58:04.091  INFO 472 --- [           main] org.mongodb.driver.cluster               : Adding discovered server ac-uqz055v-shard-00-02.wkqj3pw.mongodb.net:27017 to client view of cluster
2022-09-21 07:58:04.091  INFO 472 --- [           main] org.mongodb.driver.cluster               : Adding discovered server ac-uqz055v-shard-00-00.wkqj3pw.mongodb.net:27017 to client view of cluster
2022-09-21 07:58:04.092  INFO 472 --- [           main] org.mongodb.driver.cluster               : Adding discovered server ac-uqz055v-shard-00-01.wkqj3pw.mongodb.net:27017 to client view of cluster
]]></system-out>
  </testcase>
  <testcase name="testConfiguredWtimeout" classname="mflix.api.daos.TimeoutsTest" time="0.021">
    <error type="java.lang.NullPointerException">java.lang.NullPointerException
	at mflix.api.daos.TimeoutsTest.testConfiguredWtimeout(TimeoutsTest.java:49)
</error>
    <system-out><![CDATA[2022-09-21 07:58:04.106  INFO 472 --- [           main] org.mongodb.driver.cluster               : Cluster created with settings {hosts=[ac-uqz055v-shard-00-02.wkqj3pw.mongodb.net:27017, ac-uqz055v-shard-00-00.wkqj3pw.mongodb.net:27017, ac-uqz055v-shard-00-01.wkqj3pw.mongodb.net:27017], mode=MULTIPLE, requiredClusterType=REPLICA_SET, serverSelectionTimeout='30000 ms', maxWaitQueueSize=500, requiredReplicaSetName='atlas-o1qfn8-shard-0'}
2022-09-21 07:58:04.107  INFO 472 --- [           main] org.mongodb.driver.cluster               : Adding discovered server ac-uqz055v-shard-00-02.wkqj3pw.mongodb.net:27017 to client view of cluster
2022-09-21 07:58:04.107  INFO 472 --- [           main] org.mongodb.driver.cluster               : Adding discovered server ac-uqz055v-shard-00-00.wkqj3pw.mongodb.net:27017 to client view of cluster
2022-09-21 07:58:04.108  INFO 472 --- [           main] org.mongodb.driver.cluster               : Adding discovered server ac-uqz055v-shard-00-01.wkqj3pw.mongodb.net:27017 to client view of cluster
]]></system-out>
  </testcase>
</testsuite>