<?xml version="1.0" encoding="UTF-8"?>
<testsuite xmlns:xsi="http://www.w3.org/2001/XMLSchema-instance" xsi:noNamespaceSchemaLocation="https://maven.apache.org/surefire/maven-surefire-plugin/xsd/surefire-test-report.xsd" name="mflix.api.daos.MigrationTest" time="0.622" tests="2" errors="0" skipped="0" failures="2">
  <properties>
[...]
</properties>
  <testcase name="testAllDocumentsIMDBRatingNumber" classname="mflix.api.daos.MigrationTest" time="0.321">
    <failure message="Should not find documents where `imdb.rating` is of not of `number` type expected:&lt;0&gt; but was:&lt;61&gt;" type="java.lang.AssertionError"><![CDATA[java.lang.AssertionError: Should not find documents where `imdb.rating` is of not of `number` type expected:<0> but was:<61>
	at mflix.api.daos.MigrationTest.testAllDocumentsIMDBRatingNumber(MigrationTest.java:42)
]]></failure>
    <system-out><![CDATA[2022-09-21 07:57:57.603  INFO 472 --- [           main] org.mongodb.driver.cluster               : Cluster created with settings {hosts=[ac-uqz055v-shard-00-02.wkqj3pw.mongodb.net:27017, ac-uqz055v-shard-00-00.wkqj3pw.mongodb.net:27017, ac-uqz055v-shard-00-01.wkqj3pw.mongodb.net:27017], mode=MULTIPLE, requiredClusterType=REPLICA_SET, serverSelectionTimeout='30000 ms', maxWaitQueueSize=500, requiredReplicaSetName='atlas-o1qfn8-shard-0'}
2022-09-21 07:57:57.604  INFO 472 --- [           main] org.mongodb.driver.cluster               : Adding discovered server ac-uqz055v-shard-00-02.wkqj3pw.mongodb.net:27017 to client view of cluster
2022-09-21 07:57:57.604  INFO 472 --- [           main] org.mongodb.driver.cluster               : Adding discovered server ac-uqz055v-shard-00-00.wkqj3pw.mongodb.net:27017 to client view of cluster
2022-09-21 07:57:57.604  INFO 472 --- [           main] org.mongodb.driver.cluster               : Adding discovered server ac-uqz055v-shard-00-01.wkqj3pw.mongodb.net:27017 to client view of cluster
2022-09-21 07:57:57.610  INFO 472 --- [           main] org.mongodb.driver.cluster               : No server chosen by com.mongodb.client.internal.MongoClientDelegate$1@7a729f84 from cluster description ClusterDescription{type=REPLICA_SET, connectionMode=MULTIPLE, serverDescriptions=[ServerDescription{address=ac-uqz055v-shard-00-02.wkqj3pw.mongodb.net:27017, type=UNKNOWN, state=CONNECTING}, ServerDescription{address=ac-uqz055v-shard-00-00.wkqj3pw.mongodb.net:27017, type=UNKNOWN, state=CONNECTING}, ServerDescription{address=ac-uqz055v-shard-00-01.wkqj3pw.mongodb.net:27017, type=UNKNOWN, state=CONNECTING}]}. Waiting for 30000 ms before timing out
2022-09-21 07:57:57.716  INFO 472 --- [ngodb.net:27017] org.mongodb.driver.connection            : Opened connection [connectionId{localValue:15, serverValue:337240}] to ac-uqz055v-shard-00-01.wkqj3pw.mongodb.net:27017
2022-09-21 07:57:57.716  INFO 472 --- [ngodb.net:27017] org.mongodb.driver.connection            : Opened connection [connectionId{localValue:13, serverValue:339692}] to ac-uqz055v-shard-00-02.wkqj3pw.mongodb.net:27017
2022-09-21 07:57:57.718  INFO 472 --- [ngodb.net:27017] org.mongodb.driver.connection            : Opened connection [connectionId{localValue:14, serverValue:338097}] to ac-uqz055v-shard-00-00.wkqj3pw.mongodb.net:27017
2022-09-21 07:57:57.729  INFO 472 --- [ngodb.net:27017] org.mongodb.driver.cluster               : Monitor thread successfully connected to server with description ServerDescription{address=ac-uqz055v-shard-00-01.wkqj3pw.mongodb.net:27017, type=REPLICA_SET_SECONDARY, state=CONNECTED, ok=true, version=ServerVersion{versionList=[5, 0, 12]}, minWireVersion=0, maxWireVersion=13, maxDocumentSize=16777216, logicalSessionTimeoutMinutes=30, roundTripTimeNanos=12355725, setName='atlas-o1qfn8-shard-0', canonicalAddress=ac-uqz055v-shard-00-01.wkqj3pw.mongodb.net:27017, hosts=[ac-uqz055v-shard-00-00.wkqj3pw.mongodb.net:27017, ac-uqz055v-shard-00-01.wkqj3pw.mongodb.net:27017, ac-uqz055v-shard-00-02.wkqj3pw.mongodb.net:27017], passives=[], arbiters=[], primary='ac-uqz055v-shard-00-02.wkqj3pw.mongodb.net:27017', tagSet=TagSet{[Tag{name='region', value='SA_EAST_1'}, Tag{name='workloadType', value='OPERATIONAL'}, Tag{name='nodeType', value='ELECTABLE'}, Tag{name='provider', value='AWS'}]}, electionId=null, setVersion=1, lastWriteDate=Wed Sep 21 07:57:57 BRT 2022, lastUpdateTimeNanos=1465752378537}
2022-09-21 07:57:57.729  INFO 472 --- [ngodb.net:27017] org.mongodb.driver.cluster               : Monitor thread successfully connected to server with description ServerDescription{address=ac-uqz055v-shard-00-02.wkqj3pw.mongodb.net:27017, type=REPLICA_SET_PRIMARY, state=CONNECTED, ok=true, version=ServerVersion{versionList=[5, 0, 12]}, minWireVersion=0, maxWireVersion=13, maxDocumentSize=16777216, logicalSessionTimeoutMinutes=30, roundTripTimeNanos=12396965, setName='atlas-o1qfn8-shard-0', canonicalAddress=ac-uqz055v-shard-00-02.wkqj3pw.mongodb.net:27017, hosts=[ac-uqz055v-shard-00-00.wkqj3pw.mongodb.net:27017, ac-uqz055v-shard-00-01.wkqj3pw.mongodb.net:27017, ac-uqz055v-shard-00-02.wkqj3pw.mongodb.net:27017], passives=[], arbiters=[], primary='ac-uqz055v-shard-00-02.wkqj3pw.mongodb.net:27017', tagSet=TagSet{[Tag{name='nodeType', value='ELECTABLE'}, Tag{name='workloadType', value='OPERATIONAL'}, Tag{name='provider', value='AWS'}, Tag{name='region', value='SA_EAST_1'}]}, electionId=7fffffff0000000000000013, setVersion=1, lastWriteDate=Wed Sep 21 07:57:57 BRT 2022, lastUpdateTimeNanos=1465752443391}
2022-09-21 07:57:57.729  INFO 472 --- [ngodb.net:27017] org.mongodb.driver.cluster               : Setting max election id to 7fffffff0000000000000013 from replica set primary ac-uqz055v-shard-00-02.wkqj3pw.mongodb.net:27017
2022-09-21 07:57:57.729  INFO 472 --- [ngodb.net:27017] org.mongodb.driver.cluster               : Setting max set version to 1 from replica set primary ac-uqz055v-shard-00-02.wkqj3pw.mongodb.net:27017
2022-09-21 07:57:57.729  INFO 472 --- [ngodb.net:27017] org.mongodb.driver.cluster               : Discovered replica set primary ac-uqz055v-shard-00-02.wkqj3pw.mongodb.net:27017
2022-09-21 07:57:57.730  INFO 472 --- [ngodb.net:27017] org.mongodb.driver.cluster               : Monitor thread successfully connected to server with description ServerDescription{address=ac-uqz055v-shard-00-00.wkqj3pw.mongodb.net:27017, type=REPLICA_SET_SECONDARY, state=CONNECTED, ok=true, version=ServerVersion{versionList=[5, 0, 12]}, minWireVersion=0, maxWireVersion=13, maxDocumentSize=16777216, logicalSessionTimeoutMinutes=30, roundTripTimeNanos=12131387, setName='atlas-o1qfn8-shard-0', canonicalAddress=ac-uqz055v-shard-00-00.wkqj3pw.mongodb.net:27017, hosts=[ac-uqz055v-shard-00-00.wkqj3pw.mongodb.net:27017, ac-uqz055v-shard-00-01.wkqj3pw.mongodb.net:27017, ac-uqz055v-shard-00-02.wkqj3pw.mongodb.net:27017], passives=[], arbiters=[], primary='ac-uqz055v-shard-00-02.wkqj3pw.mongodb.net:27017', tagSet=TagSet{[Tag{name='region', value='SA_EAST_1'}, Tag{name='nodeType', value='ELECTABLE'}, Tag{name='provider', value='AWS'}, Tag{name='workloadType', value='OPERATIONAL'}]}, electionId=null, setVersion=1, lastWriteDate=Wed Sep 21 07:57:57 BRT 2022, lastUpdateTimeNanos=1465754111160}
2022-09-21 07:57:57.898  INFO 472 --- [           main] org.mongodb.driver.connection            : Opened connection [connectionId{localValue:16, serverValue:339643}] to ac-uqz055v-shard-00-02.wkqj3pw.mongodb.net:27017
]]></system-out>
  </testcase>
  <testcase name="testAllDocumentsUpdateDateIsDateType" classname="mflix.api.daos.MigrationTest" time="0.301">
    <failure message="Should not find documents where `lastupdated` is of `string` type expected:&lt;0&gt; but was:&lt;23530&gt;" type="java.lang.AssertionError"><![CDATA[java.lang.AssertionError: Should not find documents where `lastupdated` is of `string` type expected:<0> but was:<23530>
	at mflix.api.daos.MigrationTest.testAllDocumentsUpdateDateIsDateType(MigrationTest.java:31)
]]></failure>
    <system-out><![CDATA[2022-09-21 07:57:57.937  INFO 472 --- [           main] org.mongodb.driver.cluster               : Cluster created with settings {hosts=[ac-uqz055v-shard-00-02.wkqj3pw.mongodb.net:27017, ac-uqz055v-shard-00-00.wkqj3pw.mongodb.net:27017, ac-uqz055v-shard-00-01.wkqj3pw.mongodb.net:27017], mode=MULTIPLE, requiredClusterType=REPLICA_SET, serverSelectionTimeout='30000 ms', maxWaitQueueSize=500, requiredReplicaSetName='atlas-o1qfn8-shard-0'}
2022-09-21 07:57:57.937  INFO 472 --- [           main] org.mongodb.driver.cluster               : Adding discovered server ac-uqz055v-shard-00-02.wkqj3pw.mongodb.net:27017 to client view of cluster
2022-09-21 07:57:57.938  INFO 472 --- [           main] org.mongodb.driver.cluster               : Adding discovered server ac-uqz055v-shard-00-00.wkqj3pw.mongodb.net:27017 to client view of cluster
2022-09-21 07:57:57.938  INFO 472 --- [           main] org.mongodb.driver.cluster               : Adding discovered server ac-uqz055v-shard-00-01.wkqj3pw.mongodb.net:27017 to client view of cluster
2022-09-21 07:57:57.939  INFO 472 --- [           main] org.mongodb.driver.cluster               : No server chosen by com.mongodb.client.internal.MongoClientDelegate$1@5633ed82 from cluster description ClusterDescription{type=REPLICA_SET, connectionMode=MULTIPLE, serverDescriptions=[ServerDescription{address=ac-uqz055v-shard-00-02.wkqj3pw.mongodb.net:27017, type=UNKNOWN, state=CONNECTING}, ServerDescription{address=ac-uqz055v-shard-00-00.wkqj3pw.mongodb.net:27017, type=UNKNOWN, state=CONNECTING}, ServerDescription{address=ac-uqz055v-shard-00-01.wkqj3pw.mongodb.net:27017, type=UNKNOWN, state=CONNECTING}]}. Waiting for 30000 ms before timing out
2022-09-21 07:57:58.040  INFO 472 --- [ngodb.net:27017] org.mongodb.driver.connection            : Opened connection [connectionId{localValue:17, serverValue:339694}] to ac-uqz055v-shard-00-02.wkqj3pw.mongodb.net:27017
2022-09-21 07:57:58.042  INFO 472 --- [ngodb.net:27017] org.mongodb.driver.connection            : Opened connection [connectionId{localValue:18, serverValue:338097}] to ac-uqz055v-shard-00-00.wkqj3pw.mongodb.net:27017
2022-09-21 07:57:58.050  INFO 472 --- [ngodb.net:27017] org.mongodb.driver.connection            : Opened connection [connectionId{localValue:19, serverValue:337240}] to ac-uqz055v-shard-00-01.wkqj3pw.mongodb.net:27017
2022-09-21 07:57:58.052  INFO 472 --- [ngodb.net:27017] org.mongodb.driver.cluster               : Monitor thread successfully connected to server with description ServerDescription{address=ac-uqz055v-shard-00-02.wkqj3pw.mongodb.net:27017, type=REPLICA_SET_PRIMARY, state=CONNECTED, ok=true, version=ServerVersion{versionList=[5, 0, 12]}, minWireVersion=0, maxWireVersion=13, maxDocumentSize=16777216, logicalSessionTimeoutMinutes=30, roundTripTimeNanos=11054081, setName='atlas-o1qfn8-shard-0', canonicalAddress=ac-uqz055v-shard-00-02.wkqj3pw.mongodb.net:27017, hosts=[ac-uqz055v-shard-00-00.wkqj3pw.mongodb.net:27017, ac-uqz055v-shard-00-01.wkqj3pw.mongodb.net:27017, ac-uqz055v-shard-00-02.wkqj3pw.mongodb.net:27017], passives=[], arbiters=[], primary='ac-uqz055v-shard-00-02.wkqj3pw.mongodb.net:27017', tagSet=TagSet{[Tag{name='workloadType', value='OPERATIONAL'}, Tag{name='provider', value='AWS'}, Tag{name='nodeType', value='ELECTABLE'}, Tag{name='region', value='SA_EAST_1'}]}, electionId=7fffffff0000000000000013, setVersion=1, lastWriteDate=Wed Sep 21 07:57:57 BRT 2022, lastUpdateTimeNanos=1466075329958}
2022-09-21 07:57:58.053  INFO 472 --- [ngodb.net:27017] org.mongodb.driver.cluster               : Setting max election id to 7fffffff0000000000000013 from replica set primary ac-uqz055v-shard-00-02.wkqj3pw.mongodb.net:27017
2022-09-21 07:57:58.053  INFO 472 --- [ngodb.net:27017] org.mongodb.driver.cluster               : Setting max set version to 1 from replica set primary ac-uqz055v-shard-00-02.wkqj3pw.mongodb.net:27017
2022-09-21 07:57:58.053  INFO 472 --- [ngodb.net:27017] org.mongodb.driver.cluster               : Discovered replica set primary ac-uqz055v-shard-00-02.wkqj3pw.mongodb.net:27017
2022-09-21 07:57:58.053  INFO 472 --- [ngodb.net:27017] org.mongodb.driver.cluster               : Monitor thread successfully connected to server with description ServerDescription{address=ac-uqz055v-shard-00-00.wkqj3pw.mongodb.net:27017, type=REPLICA_SET_SECONDARY, state=CONNECTED, ok=true, version=ServerVersion{versionList=[5, 0, 12]}, minWireVersion=0, maxWireVersion=13, maxDocumentSize=16777216, logicalSessionTimeoutMinutes=30, roundTripTimeNanos=11499619, setName='atlas-o1qfn8-shard-0', canonicalAddress=ac-uqz055v-shard-00-00.wkqj3pw.mongodb.net:27017, hosts=[ac-uqz055v-shard-00-00.wkqj3pw.mongodb.net:27017, ac-uqz055v-shard-00-01.wkqj3pw.mongodb.net:27017, ac-uqz055v-shard-00-02.wkqj3pw.mongodb.net:27017], passives=[], arbiters=[], primary='ac-uqz055v-shard-00-02.wkqj3pw.mongodb.net:27017', tagSet=TagSet{[Tag{name='region', value='SA_EAST_1'}, Tag{name='nodeType', value='ELECTABLE'}, Tag{name='provider', value='AWS'}, Tag{name='workloadType', value='OPERATIONAL'}]}, electionId=null, setVersion=1, lastWriteDate=Wed Sep 21 07:57:57 BRT 2022, lastUpdateTimeNanos=1466077068615}
2022-09-21 07:57:58.063  INFO 472 --- [ngodb.net:27017] org.mongodb.driver.cluster               : Monitor thread successfully connected to server with description ServerDescription{address=ac-uqz055v-shard-00-01.wkqj3pw.mongodb.net:27017, type=REPLICA_SET_SECONDARY, state=CONNECTED, ok=true, version=ServerVersion{versionList=[5, 0, 12]}, minWireVersion=0, maxWireVersion=13, maxDocumentSize=16777216, logicalSessionTimeoutMinutes=30, roundTripTimeNanos=12660766, setName='atlas-o1qfn8-shard-0', canonicalAddress=ac-uqz055v-shard-00-01.wkqj3pw.mongodb.net:27017, hosts=[ac-uqz055v-shard-00-00.wkqj3pw.mongodb.net:27017, ac-uqz055v-shard-00-01.wkqj3pw.mongodb.net:27017, ac-uqz055v-shard-00-02.wkqj3pw.mongodb.net:27017], passives=[], arbiters=[], primary='ac-uqz055v-shard-00-02.wkqj3pw.mongodb.net:27017', tagSet=TagSet{[Tag{name='region', value='SA_EAST_1'}, Tag{name='workloadType', value='OPERATIONAL'}, Tag{name='nodeType', value='ELECTABLE'}, Tag{name='provider', value='AWS'}]}, electionId=null, setVersion=1, lastWriteDate=Wed Sep 21 07:57:57 BRT 2022, lastUpdateTimeNanos=1466086248785}
2022-09-21 07:57:58.198  INFO 472 --- [           main] org.mongodb.driver.connection            : Opened connection [connectionId{localValue:20, serverValue:339692}] to ac-uqz055v-shard-00-02.wkqj3pw.mongodb.net:27017
]]></system-out>
  </testcase>
</testsuite>